/bin/sh: 1: /home/snowdrop/py/net_login.sh: Permission denied
/bin/sh: 1: /home/snowdrop/py/net_login.sh: Permission denied
/bin/sh: 1: /home/snowdrop/py/net_login.sh: Permission denied
/bin/sh: 1: /home/snowdrop/py/net_login.sh: Permission denied
/bin/sh: 1: /home/snowdrop/py/net_login.sh: Permission denied
/bin/sh: 1: /home/snowdrop/py/net_login.sh: Permission denied
/bin/sh: 1: /home/snowdrop/py/net_login.sh: Permission denied
/bin/sh: 1: /home/snowdrop/py/net_login.sh: Permission denied
Usage: /home/snowdrop/py/net_login.sh {login|logout}
Already Online!
Used Flux: 0.00G
Already Online!
Used Flux: 0.00G
Already Online!
Used Flux: 0.00G
Already Online!
Used Flux: 0.00G
Already Online!
Used Flux: 0.00G
/home/snowdrop/py/net_login.sh: line 20: [: too many arguments
E2553: Password is error.
/home/snowdrop/py/net_login.sh: line 20: [: too many arguments
E2553: Password is error.
/home/snowdrop/py/net_login.sh: line 20: [: too many arguments
E2553: Password is error.
/home/snowdrop/py/net_login.sh: line 20: [: too many arguments
E2553: Password is error.
/home/snowdrop/py/net_login.sh: line 20: [: too many arguments
E2553: Password is error.
/home/snowdrop/py/net_login.sh: line 20: [: too many arguments
E2553: Password is error.
/home/snowdrop/py/net_login.sh: line 20: [: too many arguments
E2553: Password is error.
/home/snowdrop/py/net_login.sh: line 20: [: too many arguments
E2553: Password is error.
Already Online!
Used Flux: 0.00G
Already Online!
Used Flux: 0.00G
Already Online!
Used Flux: 0.00G
Login Success!
Used Flux: 0.00G.
Already Online!
Used Flux: 0.00G
Login Success!
Used Flux: 0.00G.
Already Online!
Used Flux: 0.00G
Login Success!
Used Flux: 0.00G.
Already Online!
Used Flux: 0.00G
Login Success!
Used Flux: 0.00G.
Already Online!
Used Flux: 0.00G
Already Online!
Used Flux: 0.00G
Login Success!
Used Flux: 0.00G.
Already Online!
Used Flux: 0.00G
Login Success!
Used Flux: 0.00G.
Already Online!
Used Flux: 0.00G
Login Success!
Used Flux: 0.00G.
Already Online!
Used Flux: 0.00G
Already Online!
Used Flux: 0.00G
Already Online!
Used Flux: 0.00G
Login Success!
Used Flux: 0.00G.
Already Online!
Used Flux: 0.00G
Login Success!
Used Flux: 0.00G.
Already Online!
Used Flux: 0.00G
Login Success!
Used Flux: 0.00G.
Already Online!
Used Flux: 0.00G
Login Success!
Used Flux: 0.00G.
Already Online!
Used Flux: 0.00G
Login Success!
Used Flux: 0.00G.
Already Online!
Used Flux: 0.00G
Login Success!
Used Flux: 0.00G.
Already Online!
Used Flux: 0.00G
Login Success!
Used Flux: 0.00G.
Already Online!
Used Flux: 0.00G
